<?xml version="1.0" encoding="UTF-8"?>
<coverage generated="1545375098048" clover="3.2.0">
  <project timestamp="1545375098049" name="All files">
    <metrics statements="9" coveredstatements="7" conditionals="2" coveredconditionals="2" methods="2" coveredmethods="0" elements="13" coveredelements="9" complexity="0" loc="9" ncloc="9" packages="1" files="2" classes="2">
      <file name="app.ts" path="/Users/jonjaques/Dev/protium2/src/app.ts">
        <metrics statements="5" coveredstatements="4" conditionals="0" coveredconditionals="0" methods="1" coveredmethods="0"/>
        <line num="1" count="2" type="stmt"/>
        <line num="3" count="2" type="stmt"/>
        <line num="4" count="2" type="stmt"/>
        <line num="6" count="2" type="stmt"/>
        <line num="7" count="0" type="stmt"/>
      </file>
      <file name="index.ts" path="/Users/jonjaques/Dev/protium2/src/index.ts">
        <metrics statements="4" coveredstatements="3" conditionals="2" coveredconditionals="2" methods="1" coveredmethods="0"/>
        <line num="1" count="1" type="stmt"/>
        <line num="3" count="1" type="cond" truecount="2" falsecount="0"/>
        <line num="4" count="1" type="stmt"/>
        <line num="5" count="0" type="stmt"/>
      </file>
    </metrics>
  </project>
</coverage>
